<?xml version="1.0" encoding="UTF-8"?>
<!-- Generated by org.testng.reporters.JUnitReportReporter -->
<testsuite hostname="Vicky" failures="0" tests="2" name="Day1.HttpRequests" time="2.205" errors="0" timestamp="2023-06-29T09:29:09 IST" skipped="0">
  <testcase classname="Day1.HttpRequests" name="createUser" time="1.700"/>
  <system-out/>
  <testcase classname="Day1.HttpRequests" name="getUsers" time="0.505"/>
  <system-out/>
</testsuite> <!-- Day1.HttpRequests -->
